#
# A fatal error has been detected by the Java Runtime Environment:
#
#  EXCEPTION_ACCESS_VIOLATION (0xc0000005) at pc=0x0000000065fdfce7, pid=5672, tid=0x0000000000002108
#
# JRE version: OpenJDK Runtime Environment (8.0_112-b06) (build 1.8.0_112-release-b06)
# Java VM: OpenJDK 64-Bit Server VM (25.112-b06 mixed mode windows-amd64 compressed oops)
# Problematic frame:
# V  [jvm.dll+0x4afce7]
#
# Failed to write core dump. Minidumps are not enabled by default on client versions of Windows
#
# If you would like to submit a bug report, please visit:
#   http://bugreport.java.com/bugreport/crash.jsp
#

---------------  T H R E A D  ---------------

Current thread (0x000000001bd17800):  JavaThread "C2 CompilerThread0" daemon [_thread_in_native, id=8456, stack(0x000000001d450000,0x000000001d550000)]

siginfo: ExceptionCode=0xc0000005, reading address 0x000000001f1c44c8

Registers:
RAX=0x000000001fe60f80, RBX=0x000000001f1c44a0, RCX=0x0000000000001261, RDX=0x0000000000000000
RSP=0x000000001d54c810, RBP=0x000000001d54c858, RSI=0xfffffffffffffff8, RDI=0x000000001f1c44a0
R8 =0x000000001ef065c8, R9 =0x000000001f926ec0, R10=0x000000001f92e3c8, R11=0x0000000000000000
R12=0x000000001ef065c8, R13=0x000000001ef065c8, R14=0x0000000000000001, R15=0x000000001d54cb40
RIP=0x0000000065fdfce7, EFLAGS=0x0000000000010206

Top of Stack: (sp=0x000000001d54c810)
0x000000001d54c810:   000000001d54c858 000000001ef06630
0x000000001d54c820:   000000001f92e418 0000000000000006
0x000000001d54c830:   000000001fe60f80 000000001fed6530
0x000000001d54c840:   000000001fe60830 000000001bcd5a10
0x000000001d54c850:   0000000000000001 000000001d54ef98
0x000000001d54c860:   0000000000000010 0000000000001d74
0x000000001d54c870:   000000001d54c8d0 0000000065fe06ed
0x000000001d54c880:   000000001d54edd0 000000001d54cb40
0x000000001d54c890:   000000001d54cb40 0000000000000000
0x000000001d54c8a0:   0000000000000000 0000000000000000
0x000000001d54c8b0:   0000000000000000 0000000000000000
0x000000001d54c8c0:   0000000000000000 0000000065fda9dc
0x000000001d54c8d0:   00000000660d5358 000000001d54edd0
0x000000001d54c8e0:   0000000000040298 000000001d89fbc8
0x000000001d54c8f0:   000000001d54ca00 0000000065f6d4d1
0x000000001d54c900:   000000001e2650c8 000000001d54edd0 

Instructions: (pc=0x0000000065fdfce7)
0x0000000065fdfcc7:   b6 c9 4a 8b 04 c2 4c 8d 04 c8 8b 53 28 49 8b 4f
0x0000000065fdfcd7:   10 e8 a3 ba f8 ff 48 8b 45 d8 48 8b fb 48 89 18
0x0000000065fdfce7:   8b 4f 28 8b c1 c1 e8 05 41 3b 87 c8 09 00 00 72
0x0000000065fdfcf7:   15 49 8b 87 b8 09 00 00 8b d1 49 8d 8f b8 09 00 


Register to memory mapping:

RAX=0x000000001fe60f80 is an unknown value
RBX=0x000000001f1c44a0 is an unknown value
RCX=0x0000000000001261 is an unknown value
RDX=0x0000000000000000 is an unknown value
RSP=0x000000001d54c810 is pointing into the stack for thread: 0x000000001bd17800
RBP=0x000000001d54c858 is pointing into the stack for thread: 0x000000001bd17800
RSI=0xfffffffffffffff8 is an unknown value
RDI=0x000000001f1c44a0 is an unknown value
R8 =0x000000001ef065c8 is an unknown value
R9 =0x000000001f926ec0 is an unknown value
R10=0x000000001f92e3c8 is an unknown value
R11=0x0000000000000000 is an unknown value
R12=0x000000001ef065c8 is an unknown value
R13=0x000000001ef065c8 is an unknown value
R14=0x0000000000000001 is an unknown value
R15=0x000000001d54cb40 is pointing into the stack for thread: 0x000000001bd17800


Stack: [0x000000001d450000,0x000000001d550000],  sp=0x000000001d54c810,  free space=1010k
Native frames: (J=compiled Java code, j=interpreted, Vv=VM code, C=native code)
V  [jvm.dll+0x4afce7]
V  [jvm.dll+0x4b06ed]
V  [jvm.dll+0x43d4d1]
V  [jvm.dll+0x43ff8e]
V  [jvm.dll+0x423242]
V  [jvm.dll+0x80b29]
V  [jvm.dll+0x8145f]
V  [jvm.dll+0x21be7f]
V  [jvm.dll+0x26c13a]
C  [msvcr100.dll+0x21d9f]
C  [msvcr100.dll+0x21e3b]
C  [KERNEL32.DLL+0x12774]
C  [ntdll.dll+0x70d51]


Current CompileTask:
C2:   3490 1965       4       com.android.dx.cf.code.ValueAwareMachine::run (1142 bytes)


---------------  P R O C E S S  ---------------

Java Threads: ( => current thread )
  0x000000001daf3800 JavaThread "pool-2-thread-4" [_thread_in_Java, id=8428, stack(0x000000001e950000,0x000000001ea50000)]
  0x000000001daf3000 JavaThread "pool-2-thread-3" [_thread_in_Java, id=5020, stack(0x000000001e850000,0x000000001e950000)]
  0x000000001dad6000 JavaThread "pool-2-thread-2" [_thread_in_Java, id=1260, stack(0x000000001e750000,0x000000001e850000)]
  0x000000001e20c800 JavaThread "pool-3-thread-1" [_thread_blocked, id=984, stack(0x000000001e650000,0x000000001e750000)]
  0x000000001e344800 JavaThread "pool-2-thread-1" [_thread_in_Java, id=8080, stack(0x000000001e550000,0x000000001e650000)]
  0x000000001d770800 JavaThread "Service Thread" daemon [_thread_blocked, id=8716, stack(0x000000001db50000,0x000000001dc50000)]
  0x000000001bd0e800 JavaThread "C1 CompilerThread2" daemon [_thread_blocked, id=5736, stack(0x000000001d650000,0x000000001d750000)]
  0x000000001bd1a800 JavaThread "C2 CompilerThread1" daemon [_thread_in_native, id=2232, stack(0x000000001d550000,0x000000001d650000)]
=>0x000000001bd17800 JavaThread "C2 CompilerThread0" daemon [_thread_in_native, id=8456, stack(0x000000001d450000,0x000000001d550000)]
  0x000000001bd16800 JavaThread "Attach Listener" daemon [_thread_blocked, id=7752, stack(0x000000001d350000,0x000000001d450000)]
  0x000000001bd15000 JavaThread "Signal Dispatcher" daemon [_thread_blocked, id=1984, stack(0x000000001d250000,0x000000001d350000)]
  0x000000000263c800 JavaThread "Finalizer" daemon [_thread_blocked, id=8276, stack(0x000000001cf60000,0x000000001d060000)]
  0x0000000002631800 JavaThread "Reference Handler" daemon [_thread_blocked, id=4864, stack(0x000000001ce60000,0x000000001cf60000)]
  0x0000000002540800 JavaThread "main" [_thread_in_Java, id=4704, stack(0x00000000023e0000,0x00000000024e0000)]

Other Threads:
  0x000000001bcd6000 VMThread [stack: 0x000000001cd60000,0x000000001ce60000] [id=7452]
  0x000000001d771000 WatcherThread [stack: 0x000000001dc50000,0x000000001dd50000] [id=8720]

VM state:not at safepoint (normal execution)

VM Mutex/Monitor currently owned by a thread: None

Heap:
 PSYoungGen      total 284672K, used 69509K [0x000000076ab00000, 0x000000077e500000, 0x00000007c0000000)
  eden space 261632K, 18% used [0x000000076ab00000,0x000000076d98ea18,0x000000077aa80000)
  from space 23040K, 94% used [0x000000077c580000,0x000000077dad2ac8,0x000000077dc00000)
  to   space 27648K, 0% used [0x000000077aa80000,0x000000077aa80000,0x000000077c580000)
 ParOldGen       total 87552K, used 26606K [0x00000006c0000000, 0x00000006c5580000, 0x000000076ab00000)
  object space 87552K, 30% used [0x00000006c0000000,0x00000006c19fbac8,0x00000006c5580000)
 Metaspace       used 6306K, capacity 7216K, committed 7296K, reserved 1056768K
  class space    used 584K, capacity 616K, committed 640K, reserved 1048576K

Card table byte_map: [0x0000000011a00000,0x0000000012210000] byte_map_base: 0x000000000e400000

Marking Bits: (ParMarkBitMap*) 0x00000000662f18f0
 Begin Bits: [0x0000000012b70000, 0x0000000016b70000)
 End Bits:   [0x0000000016b70000, 0x000000001ab70000)

Polling page: 0x0000000000b80000

CodeCache: size=245760Kb used=7799Kb max_used=7799Kb free=237960Kb
 bounds [0x0000000002640000, 0x0000000002df0000, 0x0000000011640000]
 total_blobs=2186 nmethods=1923 adapters=176
 compilation: enabled

Compilation events (10 events):
Event: 3.424 Thread 0x000000001bd0e800 1989       2       com.android.dx.cf.direct.StdAttributeFactory::innerClasses (383 bytes)
Event: 3.431 Thread 0x000000001bd0e800 nmethod 1989 0x0000000002dd9b90 code [0x0000000002dda1c0, 0x0000000002ddcc08]
Event: 3.432 Thread 0x000000001bd0e800 1990       2       com.android.dx.dex.file.MethodAnnotationStruct::<init> (43 bytes)
Event: 3.432 Thread 0x000000001bd0e800 nmethod 1990 0x0000000002de1690 code [0x0000000002de1820, 0x0000000002de1af8]
Event: 3.433 Thread 0x000000001bd0e800 1991 %     3       com.android.dx.rop.cst.CstString::stringToUtf8Bytes @ 16 (175 bytes)
Event: 3.434 Thread 0x000000001bd0e800 nmethod 1991% 0x0000000002de1c50 code [0x0000000002de1e20, 0x0000000002de2818]
Event: 3.434 Thread 0x000000001bd0e800 1993       3       com.android.dx.rop.cst.CstString::stringToUtf8Bytes (175 bytes)
Event: 3.435 Thread 0x000000001bd0e800 nmethod 1993 0x0000000002de2d50 code [0x0000000002de2f20, 0x0000000002de37b8]
Event: 3.453 Thread 0x000000001bd0e800 1994       2       com.android.dx.rop.code.FillArrayDataInsn::accept (8 bytes)
Event: 3.453 Thread 0x000000001bd0e800 nmethod 1994 0x0000000002de3bd0 code [0x0000000002de3d40, 0x0000000002de3ec8]

GC Heap History (10 events):
Event: 0.293 GC heap before
{Heap before GC invocations=2 (full 0):
 PSYoungGen      total 38400K, used 36739K [0x000000076ab00000, 0x000000076f600000, 0x00000007c0000000)
  eden space 33280K, 100% used [0x000000076ab00000,0x000000076cb80000,0x000000076cb80000)
  from space 5120K, 67% used [0x000000076cb80000,0x000000076cee0c40,0x000000076d080000)
  to   space 5120K, 0% used [0x000000076f100000,0x000000076f100000,0x000000076f600000)
 ParOldGen       total 87552K, used 8K [0x00000006c0000000, 0x00000006c5580000, 0x000000076ab00000)
  object space 87552K, 0% used [0x00000006c0000000,0x00000006c0002000,0x00000006c5580000)
 Metaspace       used 3368K, capacity 4720K, committed 4864K, reserved 1056768K
  class space    used 351K, capacity 424K, committed 512K, reserved 1048576K
Event: 0.297 GC heap after
Heap after GC invocations=2 (full 0):
 PSYoungGen      total 71680K, used 3236K [0x000000076ab00000, 0x000000076f600000, 0x00000007c0000000)
  eden space 66560K, 0% used [0x000000076ab00000,0x000000076ab00000,0x000000076ec00000)
  from space 5120K, 63% used [0x000000076f100000,0x000000076f429298,0x000000076f600000)
  to   space 5120K, 0% used [0x000000076ec00000,0x000000076ec00000,0x000000076f100000)
 ParOldGen       total 87552K, used 16K [0x00000006c0000000, 0x00000006c5580000, 0x000000076ab00000)
  object space 87552K, 0% used [0x00000006c0000000,0x00000006c0004000,0x00000006c5580000)
 Metaspace       used 3368K, capacity 4720K, committed 4864K, reserved 1056768K
  class space    used 351K, capacity 424K, committed 512K, reserved 1048576K
}
Event: 0.358 GC heap before
{Heap before GC invocations=3 (full 0):
 PSYoungGen      total 71680K, used 69796K [0x000000076ab00000, 0x000000076f600000, 0x00000007c0000000)
  eden space 66560K, 100% used [0x000000076ab00000,0x000000076ec00000,0x000000076ec00000)
  from space 5120K, 63% used [0x000000076f100000,0x000000076f429298,0x000000076f600000)
  to   space 5120K, 0% used [0x000000076ec00000,0x000000076ec00000,0x000000076f100000)
 ParOldGen       total 87552K, used 16K [0x00000006c0000000, 0x00000006c5580000, 0x000000076ab00000)
  object space 87552K, 0% used [0x00000006c0000000,0x00000006c0004000,0x00000006c5580000)
 Metaspace       used 3374K, capacity 4720K, committed 4864K, reserved 1056768K
  class space    used 351K, capacity 424K, committed 512K, reserved 1048576K
Event: 0.364 GC heap after
Heap after GC invocations=3 (full 0):
 PSYoungGen      total 71680K, used 3236K [0x000000076ab00000, 0x0000000773700000, 0x00000007c0000000)
  eden space 66560K, 0% used [0x000000076ab00000,0x000000076ab00000,0x000000076ec00000)
  from space 5120K, 63% used [0x000000076ec00000,0x000000076ef29298,0x000000076f100000)
  to   space 5120K, 0% used [0x0000000773200000,0x0000000773200000,0x0000000773700000)
 ParOldGen       total 87552K, used 16K [0x00000006c0000000, 0x00000006c5580000, 0x000000076ab00000)
  object space 87552K, 0% used [0x00000006c0000000,0x00000006c0004000,0x00000006c5580000)
 Metaspace       used 3374K, capacity 4720K, committed 4864K, reserved 1056768K
  class space    used 351K, capacity 424K, committed 512K, reserved 1048576K
}
Event: 1.380 GC heap before
{Heap before GC invocations=4 (full 0):
 PSYoungGen      total 71680K, used 69796K [0x000000076ab00000, 0x0000000773700000, 0x00000007c0000000)
  eden space 66560K, 100% used [0x000000076ab00000,0x000000076ec00000,0x000000076ec00000)
  from space 5120K, 63% used [0x000000076ec00000,0x000000076ef29298,0x000000076f100000)
  to   space 5120K, 0% used [0x0000000773200000,0x0000000773200000,0x0000000773700000)
 ParOldGen       total 87552K, used 16K [0x00000006c0000000, 0x00000006c5580000, 0x000000076ab00000)
  object space 87552K, 0% used [0x00000006c0000000,0x00000006c0004000,0x00000006c5580000)
 Metaspace       used 5970K, capacity 7024K, committed 7296K, reserved 1056768K
  class space    used 564K, capacity 616K, committed 640K, reserved 1048576K
Event: 1.408 GC heap after
Heap after GC invocations=4 (full 0):
 PSYoungGen      total 138240K, used 5109K [0x000000076ab00000, 0x0000000773700000, 0x00000007c0000000)
  eden space 133120K, 0% used [0x000000076ab00000,0x000000076ab00000,0x0000000772d00000)
  from space 5120K, 99% used [0x0000000773200000,0x00000007736fd720,0x0000000773700000)
  to   space 5120K, 0% used [0x0000000772d00000,0x0000000772d00000,0x0000000773200000)
 ParOldGen       total 87552K, used 6579K [0x00000006c0000000, 0x00000006c5580000, 0x000000076ab00000)
  object space 87552K, 7% used [0x00000006c0000000,0x00000006c066cfb8,0x00000006c5580000)
 Metaspace       used 5970K, capacity 7024K, committed 7296K, reserved 1056768K
  class space    used 564K, capacity 616K, committed 640K, reserved 1048576K
}
Event: 2.355 GC heap before
{Heap before GC invocations=5 (full 0):
 PSYoungGen      total 138240K, used 138229K [0x000000076ab00000, 0x0000000773700000, 0x00000007c0000000)
  eden space 133120K, 100% used [0x000000076ab00000,0x0000000772d00000,0x0000000772d00000)
  from space 5120K, 99% used [0x0000000773200000,0x00000007736fd720,0x0000000773700000)
  to   space 5120K, 0% used [0x0000000772d00000,0x0000000772d00000,0x0000000773200000)
 ParOldGen       total 87552K, used 6579K [0x00000006c0000000, 0x00000006c5580000, 0x000000076ab00000)
  object space 87552K, 7% used [0x00000006c0000000,0x00000006c066cfb8,0x00000006c5580000)
 Metaspace       used 6250K, capacity 7152K, committed 7296K, reserved 1056768K
  class space    used 584K, capacity 616K, committed 640K, reserved 1048576K
Event: 2.410 GC heap after
Heap after GC invocations=5 (full 0):
 PSYoungGen      total 138240K, used 5095K [0x000000076ab00000, 0x000000077dc00000, 0x00000007c0000000)
  eden space 133120K, 0% used [0x000000076ab00000,0x000000076ab00000,0x0000000772d00000)
  from space 5120K, 99% used [0x0000000772d00000,0x00000007731f9db0,0x0000000773200000)
  to   space 23040K, 0% used [0x000000077c580000,0x000000077c580000,0x000000077dc00000)
 ParOldGen       total 87552K, used 26606K [0x00000006c0000000, 0x00000006c5580000, 0x000000076ab00000)
  object space 87552K, 30% used [0x00000006c0000000,0x00000006c19fbac8,0x00000006c5580000)
 Metaspace       used 6250K, capacity 7152K, committed 7296K, reserved 1056768K
  class space    used 584K, capacity 616K, committed 640K, reserved 1048576K
}
Event: 3.197 GC heap before
{Heap before GC invocations=6 (full 0):
 PSYoungGen      total 138240K, used 138215K [0x000000076ab00000, 0x000000077dc00000, 0x00000007c0000000)
  eden space 133120K, 100% used [0x000000076ab00000,0x0000000772d00000,0x0000000772d00000)
  from space 5120K, 99% used [0x0000000772d00000,0x00000007731f9db0,0x0000000773200000)
  to   space 23040K, 0% used [0x000000077c580000,0x000000077c580000,0x000000077dc00000)
 ParOldGen       total 87552K, used 26606K [0x00000006c0000000, 0x00000006c5580000, 0x000000076ab00000)
  object space 87552K, 30% used [0x00000006c0000000,0x00000006c19fbac8,0x00000006c5580000)
 Metaspace       used 6291K, capacity 7216K, committed 7296K, reserved 1056768K
  class space    used 584K, capacity 616K, committed 640K, reserved 1048576K
Event: 3.250 GC heap after
Heap after GC invocations=6 (full 0):
 PSYoungGen      total 284672K, used 21834K [0x000000076ab00000, 0x000000077e500000, 0x00000007c0000000)
  eden space 261632K, 0% used [0x000000076ab00000,0x000000076ab00000,0x000000077aa80000)
  from space 23040K, 94% used [0x000000077c580000,0x000000077dad2ac8,0x000000077dc00000)
  to   space 27648K, 0% used [0x000000077aa80000,0x000000077aa80000,0x000000077c580000)
 ParOldGen       total 87552K, used 26606K [0x00000006c0000000, 0x00000006c5580000, 0x000000076ab00000)
  object space 87552K, 30% used [0x00000006c0000000,0x00000006c19fbac8,0x00000006c5580000)
 Metaspace       used 6291K, capacity 7216K, committed 7296K, reserved 1056768K
  class space    used 584K, capacity 616K, committed 640K, reserved 1048576K
}

Deoptimization events (10 events):
Event: 1.648 Thread 0x000000001daf3800 Uncommon trap: reason=bimorphic action=maybe_recompile pc=0x0000000002c4b26c method=com.android.dx.cf.code.BytecodeArray.parseInstruction(ILcom/android/dx/cf/code/BytecodeArray$Visitor;)I @ 1161
Event: 1.648 Thread 0x000000001daf3800 Uncommon trap: reason=bimorphic action=maybe_recompile pc=0x0000000002c4b26c method=com.android.dx.cf.code.BytecodeArray.parseInstruction(ILcom/android/dx/cf/code/BytecodeArray$Visitor;)I @ 1161
Event: 1.693 Thread 0x000000001dad6000 Uncommon trap: reason=unstable_if action=reinterpret pc=0x0000000002a369b0 method=java.util.HashMap.putVal(ILjava/lang/Object;Ljava/lang/Object;ZZ)Ljava/lang/Object; @ 162
Event: 2.042 Thread 0x0000000002540800 Uncommon trap: reason=unstable_if action=reinterpret pc=0x0000000002b2515c method=com.android.dx.ssa.SsaMethod.updateOneDefinition(Lcom/android/dx/ssa/SsaInsn;Lcom/android/dx/rop/code/RegisterSpec;)V @ 4
Event: 2.480 Thread 0x000000001dad6000 Uncommon trap: reason=unstable_if action=reinterpret pc=0x0000000002c5c9cc method=com.android.dx.ssa.SCCP.simulateStmt(Lcom/android/dx/ssa/SsaInsn;)V @ 59
Event: 2.547 Thread 0x000000001dad6000 Uncommon trap: reason=bimorphic action=maybe_recompile pc=0x0000000002d667f4 method=com.android.dx.cf.code.BytecodeArray.parseInstruction(ILcom/android/dx/cf/code/BytecodeArray$Visitor;)I @ 2281
Event: 2.547 Thread 0x000000001dad6000 Uncommon trap: reason=bimorphic action=maybe_recompile pc=0x0000000002d667f4 method=com.android.dx.cf.code.BytecodeArray.parseInstruction(ILcom/android/dx/cf/code/BytecodeArray$Visitor;)I @ 2281
Event: 2.711 Thread 0x000000001dad6000 Uncommon trap: reason=unstable_if action=reinterpret pc=0x0000000002c7db58 method=java.util.HashMap.getNode(ILjava/lang/Object;)Ljava/util/HashMap$Node; @ 84
Event: 2.887 Thread 0x0000000002540800 Uncommon trap: reason=unstable_if action=reinterpret pc=0x0000000002da8a60 method=java.util.HashMap.getNode(ILjava/lang/Object;)Ljava/util/HashMap$Node; @ 84
Event: 3.382 Thread 0x0000000002540800 Uncommon trap: reason=unstable_if action=reinterpret pc=0x0000000002d44f6c method=com.android.dx.ssa.SCCP.simulateBranch(Lcom/android/dx/ssa/SsaInsn;)V @ 64

Internal exceptions (8 events):
Event: 0.035 Thread 0x0000000002540800 Exception <a 'java/lang/NoSuchMethodError': Method sun.misc.Unsafe.defineClass(Ljava/lang/String;[BII)Ljava/lang/Class; name or signature does not match> (0x000000076ab07c78) thrown at [C:\src\android\AOSP-openjdk\external\jetbrains\jdk\hotspot\src\share\vZp^
Event: 0.036 Thread 0x0000000002540800 Exception <a 'java/lang/NoSuchMethodError': Method sun.misc.Unsafe.prefetchRead(Ljava/lang/Object;J)V name or signature does not match> (0x000000076ab07f60) thrown at [C:\src\android\AOSP-openjdk\external\jetbrains\jdk\hotspot\src\share\vm\prims\jni.cpp, l‰PS†RØ?
Event: 0.380 Thread 0x0000000002540800 Implicit null exception at 0x00000000027aa238 to 0x00000000027aa851
Event: 0.850 Thread 0x000000001daf3800 Implicit null exception at 0x00000000029ccde2 to 0x00000000029ccee2
Event: 1.133 Thread 0x000000001daf3800 Implicit null exception at 0x0000000002a02496 to 0x0000000002a050e1
Event: 1.695 Thread 0x000000001dad6000 Exception <a 'java/lang/ArrayIndexOutOfBoundsException': 18> (0x000000076cb40be8) thrown at [C:\src\android\AOSP-openjdk\external\jetbrains\jdk\hotspot\src\share\vm\interpreter\interpreterRuntime.cpp, line 366]
Event: 1.696 Thread 0x000000001dad6000 Exception <a 'java/lang/ArrayIndexOutOfBoundsException': 145> (0x000000076cb42768) thrown at [C:\src\android\AOSP-openjdk\external\jetbrains\jdk\hotspot\src\share\vm\interpreter\interpreterRuntime.cpp, line 366]
Event: 1.698 Thread 0x000000001dad6000 Exception <a 'java/lang/ArrayIndexOutOfBoundsException'> (0x000000076cb43a50) thrown at [C:\src\android\AOSP-openjdk\external\jetbrains\jdk\hotspot\src\share\vm\runtime\sharedRuntime.cpp, line 605]

Events (10 events):
Event: 2.887 Thread 0x0000000002540800 DEOPT UNPACKING pc=0x000000000268556a sp=0x00000000024dde78 mode 2
Event: 2.927 Thread 0x000000001daf3000 DEOPT PACKING pc=0x0000000002c839d9 sp=0x000000001e94f060
Event: 2.927 Thread 0x000000001daf3000 DEOPT UNPACKING pc=0x00000000026875bf sp=0x000000001e94ee40 mode 0
Event: 3.197 Executing VM operation: ParallelGCFailedAllocation
Event: 3.250 Executing VM operation: ParallelGCFailedAllocation done
Event: 3.382 Thread 0x0000000002540800 Uncommon trap: trap_request=0xffffff65 fr.pc=0x0000000002d44f6c
Event: 3.382 Thread 0x0000000002540800 DEOPT PACKING pc=0x0000000002d44f6c sp=0x00000000024ddf30
Event: 3.382 Thread 0x0000000002540800 DEOPT UNPACKING pc=0x000000000268556a sp=0x00000000024ddf20 mode 2
Event: 3.436 Thread 0x0000000002540800 DEOPT PACKING pc=0x0000000002c2fb27 sp=0x00000000024de080
Event: 3.436 Thread 0x0000000002540800 DEOPT UNPACKING pc=0x00000000026875bf sp=0x00000000024ddde0 mode 0


Dynamic libraries:
0x00007ff7655a0000 - 0x00007ff7655d1000 	C:\Program Files\Android\Android Studio\jre\bin\java.exe
0x00007ffdea240000 - 0x00007ffdea41b000 	C:\WINDOWS\SYSTEM32\ntdll.dll
0x00007ffde7d40000 - 0x00007ffde7dee000 	C:\WINDOWS\System32\KERNEL32.DLL
0x00007ffde6fb0000 - 0x00007ffde71f9000 	C:\WINDOWS\System32\KERNELBASE.dll
0x00007ffde77a0000 - 0x00007ffde7841000 	C:\WINDOWS\System32\ADVAPI32.dll
0x00007ffde9520000 - 0x00007ffde95bd000 	C:\WINDOWS\System32\msvcrt.dll
0x00007ffdea090000 - 0x00007ffdea0e9000 	C:\WINDOWS\System32\sechost.dll
0x00007ffde9cb0000 - 0x00007ffde9dd5000 	C:\WINDOWS\System32\RPCRT4.dll
0x00007ffde9de0000 - 0x00007ffde9f2a000 	C:\WINDOWS\System32\USER32.dll
0x00007ffde75f0000 - 0x00007ffde760e000 	C:\WINDOWS\System32\win32u.dll
0x00007ffde95c0000 - 0x00007ffde95e7000 	C:\WINDOWS\System32\GDI32.dll
0x00007ffde7610000 - 0x00007ffde7797000 	C:\WINDOWS\System32\gdi32full.dll
0x00007ffde6760000 - 0x00007ffde67fa000 	C:\WINDOWS\System32\msvcp_win.dll
0x00007ffde7320000 - 0x00007ffde7416000 	C:\WINDOWS\System32\ucrtbase.dll
0x00007ffddb280000 - 0x00007ffddb4e7000 	C:\WINDOWS\WinSxS\amd64_microsoft.windows.common-controls_6595b64144ccf1df_6.0.15063.483_none_26002d27e7c744a2\COMCTL32.dll
0x00007ffde79c0000 - 0x00007ffde7cb9000 	C:\WINDOWS\System32\combase.dll
0x00007ffde72b0000 - 0x00007ffde731a000 	C:\WINDOWS\System32\bcryptPrimitives.dll
0x00007ffdea210000 - 0x00007ffdea23d000 	C:\WINDOWS\System32\IMM32.DLL
0x0000000067920000 - 0x00000000679f2000 	C:\Program Files\Android\Android Studio\jre\jre\bin\msvcr100.dll
0x0000000065b30000 - 0x000000006636c000 	C:\Program Files\Android\Android Studio\jre\jre\bin\server\jvm.dll
0x00007ffdea200000 - 0x00007ffdea208000 	C:\WINDOWS\System32\PSAPI.DLL
0x00007ffde4260000 - 0x00007ffde4283000 	C:\WINDOWS\SYSTEM32\WINMM.dll
0x00007ffde4b90000 - 0x00007ffde4b9a000 	C:\WINDOWS\SYSTEM32\VERSION.dll
0x00007ffdd72e0000 - 0x00007ffdd72e9000 	C:\WINDOWS\SYSTEM32\WSOCK32.dll
0x00007ffde9750000 - 0x00007ffde97bc000 	C:\WINDOWS\System32\WS2_32.dll
0x00007ffde4200000 - 0x00007ffde422b000 	C:\WINDOWS\SYSTEM32\WINMMBASE.dll
0x00007ffde7200000 - 0x00007ffde7249000 	C:\WINDOWS\System32\cfgmgr32.dll
0x00007ffde6210000 - 0x00007ffde621f000 	C:\Program Files\Android\Android Studio\jre\jre\bin\verify.dll
0x00007ffde4ce0000 - 0x00007ffde4d09000 	C:\Program Files\Android\Android Studio\jre\jre\bin\java.dll
0x00007ffde4d50000 - 0x00007ffde4d66000 	C:\Program Files\Android\Android Studio\jre\jre\bin\zip.dll
0x00007ffde80e0000 - 0x00007ffde9516000 	C:\WINDOWS\System32\SHELL32.dll
0x00007ffde9c00000 - 0x00007ffde9caa000 	C:\WINDOWS\System32\shcore.dll
0x00007ffde6800000 - 0x00007ffde6ef1000 	C:\WINDOWS\System32\windows.storage.dll
0x00007ffdea030000 - 0x00007ffdea081000 	C:\WINDOWS\System32\shlwapi.dll
0x00007ffde6740000 - 0x00007ffde6751000 	C:\WINDOWS\System32\kernel.appcore.dll
0x00007ffde66b0000 - 0x00007ffde66fc000 	C:\WINDOWS\System32\powrprof.dll
0x00007ffde6700000 - 0x00007ffde6715000 	C:\WINDOWS\System32\profapi.dll
0x00007ffde6280000 - 0x00007ffde6429000 	C:\WINDOWS\SYSTEM32\dbghelp.dll

VM Arguments:
jvm_args: -Djava.awt.headless=true -Xmx4g -Dfile.encoding=windows-1252 -Duser.country=IN -Duser.language=en -Duser.variant 
java_command: com.android.dx.command.Main --dex --num-threads=4 --multi-dex --main-dex-list C:\Users\user\AndroidStudioProjects\OpenHome-Akshay\app\build\intermediates\multi-dex\debug\maindexlist.txt --output C:\Users\user\AndroidStudioProjects\OpenHome-Akshay\app\build\intermediates\transforms\dex\debug\folders\1000\1f\main C:\Users\user\AndroidStudioProjects\OpenHome-Akshay\app\build\intermediates\transforms\jarMerging\debug\jars\1\1f\combined.jar
java_class_path (initial): C:\Users\user\AppData\Local\Android\sdk\build-tools\25.0.0\lib\dx.jar
Launcher Type: SUN_STANDARD

Environment Variables:
JAVA_HOME=C:\Program Files\Java\jdk1.8.0_151
PATH=C:\ProgramData\Oracle\Java\javapath;C:\Program Files (x86)\Lenovo\FusionEngine;C:\WINDOWS\system32;C:\WINDOWS;C:\WINDOWS\System32\Wbem;C:\WINDOWS\System32\WindowsPowerShell\v1.0\;C:\Program Files (x86)\ATI Technologies\ATI.ACE\Core-Static;C:\Program Files (x86)\GtkSharp\2.12\bin;C:\Program Files\Intel\WiFi\bin\;C:\Program Files\Common Files\Intel\WirelessCommon\;C:\Program Files\Git\cmd;C:\gradle-4.2.1\bin\;C:\Program Files\Java\jdk1.8.0_151\bin;C:\Users\user\AppData\Local\Microsoft\WindowsApps;C:\gradle-4.2.1\bin\;
USERNAME=user
OS=Windows_NT
PROCESSOR_IDENTIFIER=Intel64 Family 6 Model 61 Stepping 4, GenuineIntel



---------------  S Y S T E M  ---------------

OS: Windows 10.0 , 64 bit Build 15063 (10.0.15063.296)

CPU:total 4 (2 cores per cpu, 2 threads per core) family 6 model 61 stepping 4, cmov, cx8, fxsr, mmx, sse, sse2, sse3, ssse3, sse4.1, sse4.2, popcnt, avx, avx2, aes, clmul, erms, 3dnowpref, lzcnt, ht, tsc, tscinvbit, bmi1, bmi2, adx

Memory: 4k page, physical 8301008k(4365716k free), swap 9611728k(5155936k free)

vm_info: OpenJDK 64-Bit Server VM (25.112-b06) for windows-amd64 JRE (1.8.0_112-release-b06), built on Dec  8 2016 00:54:26 by "builder" with MS VC++ 10.0 (VS2010)

time: Tue Nov 07 11:39:25 2017
elapsed time: 3 seconds (0d 0h 0m 3s)

