#
# A fatal error has been detected by the Java Runtime Environment:
#
#  EXCEPTION_ACCESS_VIOLATION (0xc0000005) at pc=0x00000000037fa1f5, pid=8884, tid=0x0000000000000fe8
#
# JRE version: OpenJDK Runtime Environment (8.0_112-b06) (build 1.8.0_112-release-b06)
# Java VM: OpenJDK 64-Bit Server VM (25.112-b06 mixed mode windows-amd64 compressed oops)
# Problematic frame:
# J 1161 C1 com.android.dx.cf.code.ByteCatchList.toRopCatchList()Lcom/android/dx/rop/type/TypeList; (57 bytes) @ 0x00000000037fa1f5 [0x00000000037f9de0+0x415]
#
# Failed to write core dump. Minidumps are not enabled by default on client versions of Windows
#
# If you would like to submit a bug report, please visit:
#   http://bugreport.java.com/bugreport/crash.jsp
#

---------------  T H R E A D  ---------------

Current thread (0x000000001edb3000):  JavaThread "pool-2-thread-4" [_thread_in_Java, id=4072, stack(0x000000001f690000,0x000000001f790000)]

siginfo: ExceptionCode=0xc0000005, reading address 0x0000000000000020

Registers:
RAX=0x0000000000000018, RBX=0x0000000000000001, RCX=0x0000000000000313, RDX=0x0000000770d6bab8
RSP=0x000000001f78e880, RBP=0x000000001f78f220, RSI=0x0000000000000000, RDI=0x00000007c007c2c0
R8 =0x0000000000000000, R9 =0x0000000000000001, R10=0x0000000770d6bad0, R11=0x0000000770d6bab8
R12=0x0000000000000000, R13=0x0000000000000101, R14=0x0000000770ffcbf0, R15=0x000000001edb3000
RIP=0x00000000037fa1f5, EFLAGS=0x0000000000010206

Top of Stack: (sp=0x000000001f78e880)
0x000000001f78e880:   0000000770ffc490 0000000770ffb4d8
0x000000001f78e890:   0000000772d00408 00000007c007f5d0
0x000000001f78e8a0:   000000001f78f220 000000000379a289
0x000000001f78e8b0:   000000001f78f220 00000000037b81a4
0x000000001f78e8c0:   000000001f78f220 00000000037d0e24
0x000000001f78e8d0:   000000001edb3000 0000000770ff9648
0x000000001f78e8e0:   0000000770ff95c8 0000000000000000
0x000000001f78e8f0:   0000000770feac80 0000000770feac98
0x000000001f78e900:   000000001f78f220 0000000000000001
0x000000001f78e910:   0000000770d6bab8 0000000770ffcc10
0x000000001f78e920:   0000000770fecb30 0000010100000000
0x000000001f78e930:   0000000770fecdc8 0000000770fe8080
0x000000001f78e940:   0000000770ffc490 0000000770fea8e8
0x000000001f78e950:   000000001f78f220 00000000037bcf34
0x000000001f78e960:   ffffffffffffffff 000000001c5627b0
0x000000001f78e970:   0000000770fe8080 0000000770fecdc8 

Instructions: (pc=0x00000000037fa1f5)
0x00000000037fa1d5:   d3 6b 1c 00 00 00 00 81 8e 30 01 00 00 00 01 00
0x00000000037fa1e5:   00 e9 c0 00 00 00 48 bf c0 c2 07 c0 07 00 00 00
0x00000000037fa1f5:   8b 50 08 48 c1 e2 03 48 3b fa 0f 85 8a 00 00 00
0x00000000037fa205:   48 be 08 d3 6b 1c 00 00 00 00 8b 78 08 48 c1 e7 


Register to memory mapping:

RAX=0x0000000000000018 is an unknown value
RBX=0x0000000000000001 is an unknown value
RCX=0x0000000000000313 is an unknown value
RDX=0x0000000770d6bab8 is an oop

[error occurred during error reporting (printing register info), id 0xc0000005]

Stack: [0x000000001f690000,0x000000001f790000],  sp=0x000000001f78e880,  free space=1018k
Native frames: (J=compiled Java code, j=interpreted, Vv=VM code, C=native code)
C  0x00000000037fa1f5


---------------  P R O C E S S  ---------------

Java Threads: ( => current thread )
=>0x000000001edb3000 JavaThread "pool-2-thread-4" [_thread_in_Java, id=4072, stack(0x000000001f690000,0x000000001f790000)]
  0x000000001edb2800 JavaThread "pool-2-thread-3" [_thread_in_Java, id=9076, stack(0x000000001f590000,0x000000001f690000)]
  0x000000001edb0800 JavaThread "pool-2-thread-2" [_thread_in_Java, id=7608, stack(0x000000001f490000,0x000000001f590000)]
  0x000000001f020000 JavaThread "pool-3-thread-1" [_thread_blocked, id=1168, stack(0x000000001f390000,0x000000001f490000)]
  0x000000001f01f000 JavaThread "pool-2-thread-1" [_thread_in_Java, id=7572, stack(0x000000001f290000,0x000000001f390000)]
  0x000000001e4b8800 JavaThread "Service Thread" daemon [_thread_blocked, id=3236, stack(0x000000001e890000,0x000000001e990000)]
  0x000000001ca4c800 JavaThread "C1 CompilerThread2" daemon [_thread_blocked, id=3232, stack(0x000000001e390000,0x000000001e490000)]
  0x000000001ca49800 JavaThread "C2 CompilerThread1" daemon [_thread_in_native, id=8372, stack(0x000000001e290000,0x000000001e390000)]
  0x000000001ca59800 JavaThread "C2 CompilerThread0" daemon [_thread_in_native, id=3064, stack(0x000000001e190000,0x000000001e290000)]
  0x000000001ca58000 JavaThread "Attach Listener" daemon [_thread_blocked, id=8656, stack(0x000000001e090000,0x000000001e190000)]
  0x000000001ca57000 JavaThread "Signal Dispatcher" daemon [_thread_blocked, id=8724, stack(0x000000001df90000,0x000000001e090000)]
  0x000000000337d800 JavaThread "Finalizer" daemon [_thread_blocked, id=5700, stack(0x000000001dca0000,0x000000001dda0000)]
  0x000000001ca17000 JavaThread "Reference Handler" daemon [_thread_blocked, id=6420, stack(0x000000001dba0000,0x000000001dca0000)]
  0x0000000003280800 JavaThread "main" [_thread_in_Java, id=5236, stack(0x00000000030a0000,0x00000000031a0000)]

Other Threads:
  0x000000001ca15800 VMThread [stack: 0x000000001daa0000,0x000000001dba0000] [id=5024]
  0x000000001caae000 WatcherThread [stack: 0x000000001e990000,0x000000001ea90000] [id=7700]

VM state:not at safepoint (normal execution)

VM Mutex/Monitor currently owned by a thread: None

Heap:
 PSYoungGen      total 138240K, used 123387K [0x000000076ab00000, 0x000000077dc00000, 0x00000007c0000000)
  eden space 133120K, 88% used [0x000000076ab00000,0x0000000771e853c8,0x0000000772d00000)
  from space 5120K, 99% used [0x0000000772d00000,0x00000007731f98a0,0x0000000773200000)
  to   space 23040K, 0% used [0x000000077c580000,0x000000077c580000,0x000000077dc00000)
 ParOldGen       total 87552K, used 26818K [0x00000006c0000000, 0x00000006c5580000, 0x000000076ab00000)
  object space 87552K, 30% used [0x00000006c0000000,0x00000006c1a30918,0x00000006c5580000)
 Metaspace       used 6347K, capacity 7216K, committed 7296K, reserved 1056768K
  class space    used 584K, capacity 616K, committed 640K, reserved 1048576K

Card table byte_map: [0x0000000012740000,0x0000000012f50000] byte_map_base: 0x000000000f140000

Marking Bits: (ParMarkBitMap*) 0x00000000662f18f0
 Begin Bits: [0x00000000138b0000, 0x00000000178b0000)
 End Bits:   [0x00000000178b0000, 0x000000001b8b0000)

Polling page: 0x0000000001830000

CodeCache: size=245760Kb used=8550Kb max_used=8596Kb free=237209Kb
 bounds [0x0000000003380000, 0x0000000003bf0000, 0x0000000012380000]
 total_blobs=2213 nmethods=1950 adapters=176
 compilation: enabled

Compilation events (10 events):
Event: 6.243 Thread 0x000000001ca4c800 2033       2       java.util.concurrent.locks.AbstractQueuedSynchronizer::isOnSyncQueue (33 bytes)
Event: 6.244 Thread 0x000000001ca4c800 nmethod 2033 0x0000000003b7c910 code [0x0000000003b7ca80, 0x0000000003b7ccb0]
Event: 6.250 Thread 0x000000001ca4c800 2034       2       com.android.dx.cf.direct.StdAttributeFactory::sourceFile (94 bytes)
Event: 6.253 Thread 0x000000001ca4c800 nmethod 2034 0x0000000003b7a110 code [0x0000000003b7a400, 0x0000000003b7b3a8]
Event: 6.260 Thread 0x000000001ca4c800 2035       2       com.android.dx.cf.code.LocalVariableList$Item::access$000 (5 bytes)
Event: 6.261 Thread 0x000000001ca4c800 nmethod 2035 0x0000000003b79dd0 code [0x0000000003b79f20, 0x0000000003b7a050]
Event: 6.261 Thread 0x000000001ca4c800 2036       2       com.android.dx.cf.code.LocalVariableList$Item::withSignature (29 bytes)
Event: 6.261 Thread 0x000000001ca4c800 nmethod 2036 0x0000000003b79990 code [0x0000000003b79b00, 0x0000000003b79d08]
Event: 6.356 Thread 0x000000001ca4c800 2039       2       com.android.dx.ssa.back.FirstFitLocalCombiningAllocator::fitPlanForRange (250 bytes)
Event: 6.360 Thread 0x000000001ca4c800 nmethod 2039 0x0000000003bb9bd0 code [0x0000000003bb9e60, 0x0000000003bba958]

GC Heap History (10 events):
Event: 0.297 GC heap before
{Heap before GC invocations=1 (full 0):
 PSYoungGen      total 38400K, used 33280K [0x000000076ab00000, 0x000000076d580000, 0x00000007c0000000)
  eden space 33280K, 100% used [0x000000076ab00000,0x000000076cb80000,0x000000076cb80000)
  from space 5120K, 0% used [0x000000076d080000,0x000000076d080000,0x000000076d580000)
  to   space 5120K, 0% used [0x000000076cb80000,0x000000076cb80000,0x000000076d080000)
 ParOldGen       total 87552K, used 0K [0x00000006c0000000, 0x00000006c5580000, 0x000000076ab00000)
  object space 87552K, 0% used [0x00000006c0000000,0x00000006c0000000,0x00000006c5580000)
 Metaspace       used 3359K, capacity 4720K, committed 4864K, reserved 1056768K
  class space    used 351K, capacity 424K, committed 512K, reserved 1048576K
Event: 0.302 GC heap after
Heap after GC invocations=1 (full 0):
 PSYoungGen      total 38400K, used 3491K [0x000000076ab00000, 0x000000076f600000, 0x00000007c0000000)
  eden space 33280K, 0% used [0x000000076ab00000,0x000000076ab00000,0x000000076cb80000)
  from space 5120K, 68% used [0x000000076cb80000,0x000000076cee8c40,0x000000076d080000)
  to   space 5120K, 0% used [0x000000076f100000,0x000000076f100000,0x000000076f600000)
 ParOldGen       total 87552K, used 8K [0x00000006c0000000, 0x00000006c5580000, 0x000000076ab00000)
  object space 87552K, 0% used [0x00000006c0000000,0x00000006c0002000,0x00000006c5580000)
 Metaspace       used 3359K, capacity 4720K, committed 4864K, reserved 1056768K
  class space    used 351K, capacity 424K, committed 512K, reserved 1048576K
}
Event: 0.337 GC heap before
{Heap before GC invocations=2 (full 0):
 PSYoungGen      total 38400K, used 36771K [0x000000076ab00000, 0x000000076f600000, 0x00000007c0000000)
  eden space 33280K, 100% used [0x000000076ab00000,0x000000076cb80000,0x000000076cb80000)
  from space 5120K, 68% used [0x000000076cb80000,0x000000076cee8c40,0x000000076d080000)
  to   space 5120K, 0% used [0x000000076f100000,0x000000076f100000,0x000000076f600000)
 ParOldGen       total 87552K, used 8K [0x00000006c0000000, 0x00000006c5580000, 0x000000076ab00000)
  object space 87552K, 0% used [0x00000006c0000000,0x00000006c0002000,0x00000006c5580000)
 Metaspace       used 3366K, capacity 4720K, committed 4864K, reserved 1056768K
  class space    used 351K, capacity 424K, committed 512K, reserved 1048576K
Event: 0.342 GC heap after
Heap after GC invocations=2 (full 0):
 PSYoungGen      total 71680K, used 3220K [0x000000076ab00000, 0x000000076f600000, 0x00000007c0000000)
  eden space 66560K, 0% used [0x000000076ab00000,0x000000076ab00000,0x000000076ec00000)
  from space 5120K, 62% used [0x000000076f100000,0x000000076f4252a8,0x000000076f600000)
  to   space 5120K, 0% used [0x000000076ec00000,0x000000076ec00000,0x000000076f100000)
 ParOldGen       total 87552K, used 16K [0x00000006c0000000, 0x00000006c5580000, 0x000000076ab00000)
  object space 87552K, 0% used [0x00000006c0000000,0x00000006c0004000,0x00000006c5580000)
 Metaspace       used 3366K, capacity 4720K, committed 4864K, reserved 1056768K
  class space    used 351K, capacity 424K, committed 512K, reserved 1048576K
}
Event: 0.415 GC heap before
{Heap before GC invocations=3 (full 0):
 PSYoungGen      total 71680K, used 69780K [0x000000076ab00000, 0x000000076f600000, 0x00000007c0000000)
  eden space 66560K, 100% used [0x000000076ab00000,0x000000076ec00000,0x000000076ec00000)
  from space 5120K, 62% used [0x000000076f100000,0x000000076f4252a8,0x000000076f600000)
  to   space 5120K, 0% used [0x000000076ec00000,0x000000076ec00000,0x000000076f100000)
 ParOldGen       total 87552K, used 16K [0x00000006c0000000, 0x00000006c5580000, 0x000000076ab00000)
  object space 87552K, 0% used [0x00000006c0000000,0x00000006c0004000,0x00000006c5580000)
 Metaspace       used 3372K, capacity 4720K, committed 4864K, reserved 1056768K
  class space    used 351K, capacity 424K, committed 512K, reserved 1048576K
Event: 0.419 GC heap after
Heap after GC invocations=3 (full 0):
 PSYoungGen      total 71680K, used 3236K [0x000000076ab00000, 0x0000000773700000, 0x00000007c0000000)
  eden space 66560K, 0% used [0x000000076ab00000,0x000000076ab00000,0x000000076ec00000)
  from space 5120K, 63% used [0x000000076ec00000,0x000000076ef292b8,0x000000076f100000)
  to   space 5120K, 0% used [0x0000000773200000,0x0000000773200000,0x0000000773700000)
 ParOldGen       total 87552K, used 24K [0x00000006c0000000, 0x00000006c5580000, 0x000000076ab00000)
  object space 87552K, 0% used [0x00000006c0000000,0x00000006c0006000,0x00000006c5580000)
 Metaspace       used 3372K, capacity 4720K, committed 4864K, reserved 1056768K
  class space    used 351K, capacity 424K, committed 512K, reserved 1048576K
}
Event: 2.723 GC heap before
{Heap before GC invocations=4 (full 0):
 PSYoungGen      total 71680K, used 69796K [0x000000076ab00000, 0x0000000773700000, 0x00000007c0000000)
  eden space 66560K, 100% used [0x000000076ab00000,0x000000076ec00000,0x000000076ec00000)
  from space 5120K, 63% used [0x000000076ec00000,0x000000076ef292b8,0x000000076f100000)
  to   space 5120K, 0% used [0x0000000773200000,0x0000000773200000,0x0000000773700000)
 ParOldGen       total 87552K, used 24K [0x00000006c0000000, 0x00000006c5580000, 0x000000076ab00000)
  object space 87552K, 0% used [0x00000006c0000000,0x00000006c0006000,0x00000006c5580000)
 Metaspace       used 6030K, capacity 7088K, committed 7296K, reserved 1056768K
  class space    used 564K, capacity 616K, committed 640K, reserved 1048576K
Event: 2.859 GC heap after
Heap after GC invocations=4 (full 0):
 PSYoungGen      total 138240K, used 5115K [0x000000076ab00000, 0x0000000773700000, 0x00000007c0000000)
  eden space 133120K, 0% used [0x000000076ab00000,0x000000076ab00000,0x0000000772d00000)
  from space 5120K, 99% used [0x0000000773200000,0x00000007736fefe8,0x0000000773700000)
  to   space 5120K, 0% used [0x0000000772d00000,0x0000000772d00000,0x0000000773200000)
 ParOldGen       total 87552K, used 6849K [0x00000006c0000000, 0x00000006c5580000, 0x000000076ab00000)
  object space 87552K, 7% used [0x00000006c0000000,0x00000006c06b04b0,0x00000006c5580000)
 Metaspace       used 6030K, capacity 7088K, committed 7296K, reserved 1056768K
  class space    used 564K, capacity 616K, committed 640K, reserved 1048576K
}
Event: 4.158 GC heap before
{Heap before GC invocations=5 (full 0):
 PSYoungGen      total 138240K, used 138235K [0x000000076ab00000, 0x0000000773700000, 0x00000007c0000000)
  eden space 133120K, 100% used [0x000000076ab00000,0x0000000772d00000,0x0000000772d00000)
  from space 5120K, 99% used [0x0000000773200000,0x00000007736fefe8,0x0000000773700000)
  to   space 5120K, 0% used [0x0000000772d00000,0x0000000772d00000,0x0000000773200000)
 ParOldGen       total 87552K, used 6849K [0x00000006c0000000, 0x00000006c5580000, 0x000000076ab00000)
  object space 87552K, 7% used [0x00000006c0000000,0x00000006c06b04b0,0x00000006c5580000)
 Metaspace       used 6278K, capacity 7152K, committed 7296K, reserved 1056768K
  class space    used 584K, capacity 616K, committed 640K, reserved 1048576K
Event: 4.255 GC heap after
Heap after GC invocations=5 (full 0):
 PSYoungGen      total 138240K, used 5094K [0x000000076ab00000, 0x000000077dc00000, 0x00000007c0000000)
  eden space 133120K, 0% used [0x000000076ab00000,0x000000076ab00000,0x0000000772d00000)
  from space 5120K, 99% used [0x0000000772d00000,0x00000007731f98a0,0x0000000773200000)
  to   space 23040K, 0% used [0x000000077c580000,0x000000077c580000,0x000000077dc00000)
 ParOldGen       total 87552K, used 26818K [0x00000006c0000000, 0x00000006c5580000, 0x000000076ab00000)
  object space 87552K, 30% used [0x00000006c0000000,0x00000006c1a30918,0x00000006c5580000)
 Metaspace       used 6278K, capacity 7152K, committed 7296K, reserved 1056768K
  class space    used 584K, capacity 616K, committed 640K, reserved 1048576K
}

Deoptimization events (10 events):
Event: 4.319 Thread 0x000000001edb2800 Uncommon trap: reason=bimorphic action=maybe_recompile pc=0x0000000003ad06bc method=com.android.dx.cf.code.BytecodeArray.parseInstruction(ILcom/android/dx/cf/code/BytecodeArray$Visitor;)I @ 1035
Event: 4.319 Thread 0x000000001edb2800 Uncommon trap: reason=bimorphic action=maybe_recompile pc=0x0000000003ad08fc method=com.android.dx.cf.code.BytecodeArray.parseInstruction(ILcom/android/dx/cf/code/BytecodeArray$Visitor;)I @ 1161
Event: 4.319 Thread 0x000000001edb2800 Uncommon trap: reason=bimorphic action=maybe_recompile pc=0x0000000003ad08fc method=com.android.dx.cf.code.BytecodeArray.parseInstruction(ILcom/android/dx/cf/code/BytecodeArray$Visitor;)I @ 1161
Event: 4.774 Thread 0x000000001f01f000 Uncommon trap: reason=class_check action=maybe_recompile pc=0x0000000003ac5f6c method=com.android.dx.rop.code.RegisterSpec.withSimpleType()Lcom/android/dx/rop/code/RegisterSpec; @ 21
Event: 4.775 Thread 0x000000001f01f000 Uncommon trap: reason=class_check action=maybe_recompile pc=0x0000000003ac5f6c method=com.android.dx.rop.code.RegisterSpec.withSimpleType()Lcom/android/dx/rop/code/RegisterSpec; @ 21
Event: 4.792 Thread 0x000000001f01f000 Uncommon trap: reason=class_check action=maybe_recompile pc=0x0000000003ac5f6c method=com.android.dx.rop.code.RegisterSpec.withSimpleType()Lcom/android/dx/rop/code/RegisterSpec; @ 21
Event: 4.792 Thread 0x000000001f01f000 Uncommon trap: reason=class_check action=maybe_recompile pc=0x0000000003ac5f6c method=com.android.dx.rop.code.RegisterSpec.withSimpleType()Lcom/android/dx/rop/code/RegisterSpec; @ 21
Event: 5.381 Thread 0x000000001edb2800 Uncommon trap: reason=unstable_if action=reinterpret pc=0x00000000039cf01c method=com.android.dx.ssa.SCCP.simulateStmt(Lcom/android/dx/ssa/SsaInsn;)V @ 59
Event: 5.577 Thread 0x000000001edb2800 Uncommon trap: reason=bimorphic action=maybe_recompile pc=0x0000000003b86c3c method=com.android.dx.cf.code.BytecodeArray.parseInstruction(ILcom/android/dx/cf/code/BytecodeArray$Visitor;)I @ 2281
Event: 5.577 Thread 0x000000001edb2800 Uncommon trap: reason=bimorphic action=maybe_recompile pc=0x0000000003b86c3c method=com.android.dx.cf.code.BytecodeArray.parseInstruction(ILcom/android/dx/cf/code/BytecodeArray$Visitor;)I @ 2281

Internal exceptions (9 events):
Event: 0.034 Thread 0x0000000003280800 Exception <a 'java/lang/NoSuchMethodError': Method sun.misc.Unsafe.defineClass(Ljava/lang/String;[BII)Ljava/lang/Class; name or signature does not match> (0x000000076ab07c78) thrown at [C:\src\android\AOSP-openjdk\external\jetbrains\jdk\hotspot\src\share\vBÔ3Î|{¡?
Event: 0.034 Thread 0x0000000003280800 Exception <a 'java/lang/NoSuchMethodError': Method sun.misc.Unsafe.prefetchRead(Ljava/lang/Object;J)V name or signature does not match> (0x000000076ab07f60) thrown at [C:\src\android\AOSP-openjdk\external\jetbrains\jdk\hotspot\src\share\vm\prims\jni.cpp, l’*?S!DÈ?
Event: 0.190 Thread 0x0000000003280800 Implicit null exception at 0x00000000034df178 to 0x00000000034df791
Event: 1.602 Thread 0x000000001edb2800 Implicit null exception at 0x00000000036ebf22 to 0x00000000036ec031
Event: 2.363 Thread 0x000000001edb0800 Implicit null exception at 0x000000000373adc8 to 0x000000000373dcd1
Event: 3.322 Thread 0x000000001edb2800 Exception <a 'java/lang/ArrayIndexOutOfBoundsException': 18> (0x000000076cda8538) thrown at [C:\src\android\AOSP-openjdk\external\jetbrains\jdk\hotspot\src\share\vm\interpreter\interpreterRuntime.cpp, line 366]
Event: 3.323 Thread 0x000000001edb2800 Exception <a 'java/lang/ArrayIndexOutOfBoundsException'> (0x000000076cdaa0b8) thrown at [C:\src\android\AOSP-openjdk\external\jetbrains\jdk\hotspot\src\share\vm\runtime\sharedRuntime.cpp, line 605]
Event: 3.324 Thread 0x000000001edb2800 Exception <a 'java/lang/ArrayIndexOutOfBoundsException'> (0x000000076cdab3a0) thrown at [C:\src\android\AOSP-openjdk\external\jetbrains\jdk\hotspot\src\share\vm\runtime\sharedRuntime.cpp, line 605]
Event: 6.425 Thread 0x000000001edb3000 Implicit null exception at 0x00000000037fa1f5 to 0x0000000000000000

Events (10 events):
Event: 5.691 Thread 0x000000001edb0800 DEOPT PACKING pc=0x0000000003869ba1 sp=0x000000001f58e750
Event: 5.691 Thread 0x000000001edb0800 DEOPT UNPACKING pc=0x00000000033c75bf sp=0x000000001f58e580 mode 0
Event: 5.948 Thread 0x000000001edb3000 DEOPT PACKING pc=0x0000000003869ba1 sp=0x000000001f78ea70
Event: 5.948 Thread 0x000000001edb3000 DEOPT UNPACKING pc=0x00000000033c75bf sp=0x000000001f78e8a0 mode 0
Event: 6.003 Thread 0x000000001f01f000 DEOPT PACKING pc=0x0000000003869ba1 sp=0x000000001f38e5b0
Event: 6.003 Thread 0x000000001f01f000 DEOPT UNPACKING pc=0x00000000033c75bf sp=0x000000001f38e3e0 mode 0
Event: 6.117 Thread 0x000000001f01f000 DEOPT PACKING pc=0x0000000003869ba1 sp=0x000000001f38e500
Event: 6.117 Thread 0x000000001f01f000 DEOPT UNPACKING pc=0x00000000033c75bf sp=0x000000001f38e330 mode 0
Event: 6.408 Thread 0x0000000003280800 DEOPT PACKING pc=0x0000000003869ba1 sp=0x000000000319e230
Event: 6.408 Thread 0x0000000003280800 DEOPT UNPACKING pc=0x00000000033c75bf sp=0x000000000319e060 mode 0


Dynamic libraries:
0x00007ff7655a0000 - 0x00007ff7655d1000 	C:\Program Files\Android\Android Studio\jre\bin\java.exe
0x00007ffdea240000 - 0x00007ffdea41b000 	C:\WINDOWS\SYSTEM32\ntdll.dll
0x00007ffde7d40000 - 0x00007ffde7dee000 	C:\WINDOWS\System32\KERNEL32.DLL
0x00007ffde6fb0000 - 0x00007ffde71f9000 	C:\WINDOWS\System32\KERNELBASE.dll
0x00007ffde77a0000 - 0x00007ffde7841000 	C:\WINDOWS\System32\ADVAPI32.dll
0x00007ffde9520000 - 0x00007ffde95bd000 	C:\WINDOWS\System32\msvcrt.dll
0x00007ffdea090000 - 0x00007ffdea0e9000 	C:\WINDOWS\System32\sechost.dll
0x00007ffde9cb0000 - 0x00007ffde9dd5000 	C:\WINDOWS\System32\RPCRT4.dll
0x00007ffde9de0000 - 0x00007ffde9f2a000 	C:\WINDOWS\System32\USER32.dll
0x00007ffde75f0000 - 0x00007ffde760e000 	C:\WINDOWS\System32\win32u.dll
0x00007ffde95c0000 - 0x00007ffde95e7000 	C:\WINDOWS\System32\GDI32.dll
0x00007ffde7610000 - 0x00007ffde7797000 	C:\WINDOWS\System32\gdi32full.dll
0x00007ffde6760000 - 0x00007ffde67fa000 	C:\WINDOWS\System32\msvcp_win.dll
0x00007ffde7320000 - 0x00007ffde7416000 	C:\WINDOWS\System32\ucrtbase.dll
0x00007ffddb280000 - 0x00007ffddb4e7000 	C:\WINDOWS\WinSxS\amd64_microsoft.windows.common-controls_6595b64144ccf1df_6.0.15063.483_none_26002d27e7c744a2\COMCTL32.dll
0x00007ffde79c0000 - 0x00007ffde7cb9000 	C:\WINDOWS\System32\combase.dll
0x00007ffde72b0000 - 0x00007ffde731a000 	C:\WINDOWS\System32\bcryptPrimitives.dll
0x00007ffdea210000 - 0x00007ffdea23d000 	C:\WINDOWS\System32\IMM32.DLL
0x0000000067920000 - 0x00000000679f2000 	C:\Program Files\Android\Android Studio\jre\jre\bin\msvcr100.dll
0x0000000065b30000 - 0x000000006636c000 	C:\Program Files\Android\Android Studio\jre\jre\bin\server\jvm.dll
0x00007ffdea200000 - 0x00007ffdea208000 	C:\WINDOWS\System32\PSAPI.DLL
0x00007ffdd72e0000 - 0x00007ffdd72e9000 	C:\WINDOWS\SYSTEM32\WSOCK32.dll
0x00007ffde4260000 - 0x00007ffde4283000 	C:\WINDOWS\SYSTEM32\WINMM.dll
0x00007ffde9750000 - 0x00007ffde97bc000 	C:\WINDOWS\System32\WS2_32.dll
0x00007ffde4b90000 - 0x00007ffde4b9a000 	C:\WINDOWS\SYSTEM32\VERSION.dll
0x00007ffde4200000 - 0x00007ffde422b000 	C:\WINDOWS\SYSTEM32\WINMMBASE.dll
0x00007ffde7200000 - 0x00007ffde7249000 	C:\WINDOWS\System32\cfgmgr32.dll
0x00007ffde6210000 - 0x00007ffde621f000 	C:\Program Files\Android\Android Studio\jre\jre\bin\verify.dll
0x00007ffde4ce0000 - 0x00007ffde4d09000 	C:\Program Files\Android\Android Studio\jre\jre\bin\java.dll
0x00007ffde4d50000 - 0x00007ffde4d66000 	C:\Program Files\Android\Android Studio\jre\jre\bin\zip.dll
0x00007ffde80e0000 - 0x00007ffde9516000 	C:\WINDOWS\System32\SHELL32.dll
0x00007ffde9c00000 - 0x00007ffde9caa000 	C:\WINDOWS\System32\shcore.dll
0x00007ffde6800000 - 0x00007ffde6ef1000 	C:\WINDOWS\System32\windows.storage.dll
0x00007ffdea030000 - 0x00007ffdea081000 	C:\WINDOWS\System32\shlwapi.dll
0x00007ffde6740000 - 0x00007ffde6751000 	C:\WINDOWS\System32\kernel.appcore.dll
0x00007ffde66b0000 - 0x00007ffde66fc000 	C:\WINDOWS\System32\powrprof.dll
0x00007ffde6700000 - 0x00007ffde6715000 	C:\WINDOWS\System32\profapi.dll
0x00007ffde6280000 - 0x00007ffde6429000 	C:\WINDOWS\SYSTEM32\dbghelp.dll

VM Arguments:
jvm_args: -Djava.awt.headless=true -Xmx4g -Dfile.encoding=windows-1252 -Duser.country=IN -Duser.language=en -Duser.variant 
java_command: com.android.dx.command.Main --dex --num-threads=4 --multi-dex --main-dex-list C:\Users\user\AndroidStudioProjects\OpenHome-Akshay\app\build\intermediates\multi-dex\debug\maindexlist.txt --output C:\Users\user\AndroidStudioProjects\OpenHome-Akshay\app\build\intermediates\transforms\dex\debug\folders\1000\1f\main C:\Users\user\AndroidStudioProjects\OpenHome-Akshay\app\build\intermediates\transforms\jarMerging\debug\jars\1\1f\combined.jar
java_class_path (initial): C:\Users\user\AppData\Local\Android\sdk\build-tools\25.0.0\lib\dx.jar
Launcher Type: SUN_STANDARD

Environment Variables:
JAVA_HOME=C:\Program Files\Java\jdk1.8.0_151
PATH=C:\ProgramData\Oracle\Java\javapath;C:\Program Files (x86)\Lenovo\FusionEngine;C:\WINDOWS\system32;C:\WINDOWS;C:\WINDOWS\System32\Wbem;C:\WINDOWS\System32\WindowsPowerShell\v1.0\;C:\Program Files (x86)\ATI Technologies\ATI.ACE\Core-Static;C:\Program Files (x86)\GtkSharp\2.12\bin;C:\Program Files\Intel\WiFi\bin\;C:\Program Files\Common Files\Intel\WirelessCommon\;C:\Program Files\Git\cmd;C:\gradle-4.2.1\bin\;C:\Program Files\Java\jdk1.8.0_151\bin;C:\Users\user\AppData\Local\Microsoft\WindowsApps;C:\gradle-4.2.1\bin\;
USERNAME=user
OS=Windows_NT
PROCESSOR_IDENTIFIER=Intel64 Family 6 Model 61 Stepping 4, GenuineIntel



---------------  S Y S T E M  ---------------

OS: Windows 10.0 , 64 bit Build 15063 (10.0.15063.296)

CPU:total 4 (2 cores per cpu, 2 threads per core) family 6 model 61 stepping 4, cmov, cx8, fxsr, mmx, sse, sse2, sse3, ssse3, sse4.1, sse4.2, popcnt, avx, avx2, aes, clmul, erms, 3dnowpref, lzcnt, ht, tsc, tscinvbit, bmi1, bmi2, adx

Memory: 4k page, physical 8301008k(4496284k free), swap 9611728k(5220904k free)

vm_info: OpenJDK 64-Bit Server VM (25.112-b06) for windows-amd64 JRE (1.8.0_112-release-b06), built on Dec  8 2016 00:54:26 by "builder" with MS VC++ 10.0 (VS2010)

time: Tue Nov 07 11:37:33 2017
elapsed time: 6 seconds (0d 0h 0m 6s)

