#
# A fatal error has been detected by the Java Runtime Environment:
#
#  EXCEPTION_ACCESS_VIOLATION (0xc0000005) at pc=0x0000000065bba070, pid=8148, tid=0x0000000000001e64
#
# JRE version: OpenJDK Runtime Environment (8.0_112-b06) (build 1.8.0_112-release-b06)
# Java VM: OpenJDK 64-Bit Server VM (25.112-b06 mixed mode windows-amd64 compressed oops)
# Problematic frame:
# V  [jvm.dll+0x8a070]
#
# Failed to write core dump. Minidumps are not enabled by default on client versions of Windows
#
# If you would like to submit a bug report, please visit:
#   http://bugreport.java.com/bugreport/crash.jsp
#

---------------  T H R E A D  ---------------

Current thread (0x0000000002869800):  GCTaskThread [stack: 0x0000000012c80000,0x0000000012d80000] [id=7780]

siginfo: ExceptionCode=0xc0000005, reading address 0x0000000000000008

Registers:
RAX=0x0000000000000000, RBX=0x0000000771a415e0, RCX=0x0000000771a415e0, RDX=0x0000000000000000
RSP=0x0000000012d7f778, RBP=0x0000000011d15881, RSI=0x000000001bfe35c0, RDI=0x00000006c0b05408
R8 =0x000000001bfe35c0, R9 =0x000000000000000b, R10=0x0000000000000008, R11=0x000000078dd604c0
R12=0x0000000011d15823, R13=0x0000000000000000, R14=0x0000000000000000, R15=0x0000000002861b20
RIP=0x0000000065bba070, EFLAGS=0x0000000000010246

Top of Stack: (sp=0x0000000012d7f778)
0x0000000012d7f778:   0000000065efac22 0000000774498188
0x0000000012d7f788:   0000000000000004 000000001bfe35c0
0x0000000012d7f798:   0000000065ef7c95 000000078dd584d0
0x0000000012d7f7a8:   0000000000001000 0000000002790000
0x0000000012d7f7b8:   00000000662f1970 0000000000000000
0x0000000012d7f7c8:   000000001bfe3500 0000000011d15823
0x0000000012d7f7d8:   0000000065efaf90 000000078dd5f7f0
0x0000000012d7f7e8:   0000000011d15881 000000001bfe35c0
0x0000000012d7f7f8:   00000006c0b05408 000000078dd5f7f0
0x0000000012d7f808:   0000000065efbb35 0000000000000003
0x0000000012d7f818:   00007ffde6fe988f 0000000012d7f8c8
0x0000000012d7f828:   0000000017580000 0000000017578e6b
0x0000000012d7f838:   0000000065ef76d5 0000000000000000
0x0000000012d7f848:   0000000065c1ed77 000000001bfe35c0
0x0000000012d7f858:   0000000065c1cf83 00000006c098c869
0x0000000012d7f868:   00000006c098c869 00000006c0b053f0 

Instructions: (pc=0x0000000065bba070)
0x0000000065bba050:   1c 42 1d 00 48 8b 9c 24 c0 00 00 00 48 81 c4 b0
0x0000000065bba060:   00 00 00 5d c3 cc cc cc cc cc cc cc cc cc cc cc
0x0000000065bba070:   44 8b 42 08 4c 8b ca 45 85 c0 7e 0e 41 f6 c0 01
0x0000000065bba080:   75 57 41 c1 f8 03 41 8b c0 c3 79 4d 80 3d de d7 


Register to memory mapping:

RAX=0x0000000000000000 is an unknown value
RBX=0x0000000771a415e0 is an unknown value
RCX=0x0000000771a415e0 is an unknown value
RDX=0x0000000000000000 is an unknown value
RSP=0x0000000012d7f778 is an unknown value
RBP=0x0000000011d15881 is an unknown value
RSI=0x000000001bfe35c0 is an unknown value
RDI=0x00000006c0b05408 is an oop
com.android.dx.rop.cst.CstMethodRef 
 - klass: 'com/android/dx/rop/cst/CstMethodRef'
R8 =0x000000001bfe35c0 is an unknown value
R9 =0x000000000000000b is an unknown value
R10=0x0000000000000008 is an unknown value
R11=0x000000078dd604c0 is an unknown value
R12=0x0000000011d15823 is an unknown value
R13=0x0000000000000000 is an unknown value
R14=0x0000000000000000 is an unknown value
R15=0x0000000002861b20 is an unknown value


Stack: [0x0000000012c80000,0x0000000012d80000],  sp=0x0000000012d7f778,  free space=1021k
Native frames: (J=compiled Java code, j=interpreted, Vv=VM code, C=native code)
V  [jvm.dll+0x8a070]


---------------  P R O C E S S  ---------------

Java Threads: ( => current thread )
  0x000000001e675000 JavaThread "pool-2-thread-4" [_thread_blocked, id=2876, stack(0x000000001ec70000,0x000000001ed70000)]
  0x000000001e674000 JavaThread "pool-2-thread-3" [_thread_blocked, id=7016, stack(0x000000001eb70000,0x000000001ec70000)]
  0x000000001e673800 JavaThread "pool-2-thread-2" [_thread_blocked, id=8976, stack(0x000000001ea70000,0x000000001eb70000)]
  0x000000001e55d800 JavaThread "pool-3-thread-1" [_thread_blocked, id=8312, stack(0x000000001e970000,0x000000001ea70000)]
  0x000000001e55c800 JavaThread "pool-2-thread-1" [_thread_blocked, id=6872, stack(0x000000001e870000,0x000000001e970000)]
  0x000000001da90800 JavaThread "Service Thread" daemon [_thread_blocked, id=9120, stack(0x000000001de70000,0x000000001df70000)]
  0x000000001c01a800 JavaThread "C1 CompilerThread2" daemon [_thread_blocked, id=6732, stack(0x000000001d970000,0x000000001da70000)]
  0x000000001c017800 JavaThread "C2 CompilerThread1" daemon [_thread_in_native, id=6300, stack(0x000000001d870000,0x000000001d970000)]
  0x000000001c026800 JavaThread "C2 CompilerThread0" daemon [_thread_in_native, id=7196, stack(0x000000001d770000,0x000000001d870000)]
  0x000000001c025000 JavaThread "Attach Listener" daemon [_thread_blocked, id=8964, stack(0x000000001d670000,0x000000001d770000)]
  0x000000001c024000 JavaThread "Signal Dispatcher" daemon [_thread_blocked, id=2020, stack(0x000000001d570000,0x000000001d670000)]
  0x000000000294b800 JavaThread "Finalizer" daemon [_thread_blocked, id=5424, stack(0x000000001d280000,0x000000001d380000)]
  0x0000000002940800 JavaThread "Reference Handler" daemon [_thread_blocked, id=6032, stack(0x000000001d180000,0x000000001d280000)]
  0x0000000002850800 JavaThread "main" [_thread_blocked, id=2488, stack(0x0000000002680000,0x0000000002780000)]

Other Threads:
  0x000000001bfe6800 VMThread [stack: 0x000000001d080000,0x000000001d180000] [id=8008]
  0x000000001c07e000 WatcherThread [stack: 0x000000001df70000,0x000000001e070000] [id=8652]

=>0x0000000002869800 (exited) GCTaskThread [stack: 0x0000000012c80000,0x0000000012d80000] [id=7780]

VM state:at safepoint (normal execution)

VM Mutex/Monitor currently owned by a thread:  ([mutex/lock_event])
[0x0000000000eccac0] Threads_lock - owner thread: 0x000000001bfe6800
[0x0000000000ecc740] Heap_lock - owner thread: 0x0000000002850800

Heap:
 PSYoungGen      total 289280K, used 261120K [0x000000076ab00000, 0x0000000790c00000, 0x00000007c0000000)
  eden space 261120K, 100% used [0x000000076ab00000,0x000000077aa00000,0x000000077aa00000)
  from space 28160K, 0% used [0x000000077aa00000,0x000000077aa00000,0x000000077c580000)
  to   space 50688K, 31% used [0x000000078da80000,0x000000078e9e1710,0x0000000790c00000)
 ParOldGen       total 169984K, used 84442K [0x00000006c0000000, 0x00000006ca600000, 0x000000076ab00000)
  object space 169984K, 49% used [0x00000006c0000000,0x00000006c52768e0,0x00000006ca600000)
 Metaspace       used 6378K, capacity 7280K, committed 7552K, reserved 1056768K
  class space    used 585K, capacity 616K, committed 640K, reserved 1048576K

Card table byte_map: [0x0000000011d10000,0x0000000012520000] byte_map_base: 0x000000000e710000

Marking Bits: (ParMarkBitMap*) 0x00000000662f18f0
 Begin Bits: [0x0000000012e80000, 0x0000000016e80000)
 End Bits:   [0x0000000016e80000, 0x000000001ae80000)

Polling page: 0x0000000000ea0000

CodeCache: size=245760Kb used=9668Kb max_used=9710Kb free=236091Kb
 bounds [0x0000000002950000, 0x00000000032e0000, 0x0000000011950000]
 total_blobs=2464 nmethods=2201 adapters=176
 compilation: enabled

Compilation events (10 events):
Event: 6.499 Thread 0x000000001c01a800 2313       2       java.util.concurrent.ThreadPoolExecutor::runStateOf (5 bytes)
Event: 6.499 Thread 0x000000001c01a800 nmethod 2313 0x00000000032a7390 code [0x00000000032a74e0, 0x00000000032a7610]
Event: 6.521 Thread 0x000000001c01a800 2315       1       com.android.dx.dex.code.DalvInsn::getOpcode (5 bytes)
Event: 6.521 Thread 0x000000001c01a800 nmethod 2315 0x00000000032a70d0 code [0x00000000032a7220, 0x00000000032a7330]
Event: 6.521 Thread 0x000000001c01a800 2316       1       com.android.dx.dex.code.DalvInsn::getRegisters (5 bytes)
Event: 6.521 Thread 0x000000001c01a800 nmethod 2316 0x00000000032a6e10 code [0x00000000032a6f60, 0x00000000032a7070]
Event: 6.532 Thread 0x000000001c01a800 2317       2       com.android.dx.cf.code.Frame::makeExceptionHandlerStartFrame (34 bytes)
Event: 6.532 Thread 0x000000001c01a800 nmethod 2317 0x00000000032a68d0 code [0x00000000032a6a60, 0x00000000032a6cb8]
Event: 6.560 Thread 0x000000001c01a800 2318       2       java.util.zip.ZipFile$ZipEntryIterator::nextElement (5 bytes)
Event: 6.561 Thread 0x000000001c01a800 nmethod 2318 0x00000000032a6550 code [0x00000000032a66c0, 0x00000000032a6828]

GC Heap History (10 events):
Event: 1.389 GC heap after
Heap after GC invocations=4 (full 0):
 PSYoungGen      total 138240K, used 5096K [0x000000076ab00000, 0x0000000773700000, 0x00000007c0000000)
  eden space 133120K, 0% used [0x000000076ab00000,0x000000076ab00000,0x0000000772d00000)
  from space 5120K, 99% used [0x0000000773200000,0x00000007736fa090,0x0000000773700000)
  to   space 5120K, 0% used [0x0000000772d00000,0x0000000772d00000,0x0000000773200000)
 ParOldGen       total 87552K, used 6592K [0x00000006c0000000, 0x00000006c5580000, 0x000000076ab00000)
  object space 87552K, 7% used [0x00000006c0000000,0x00000006c0670240,0x00000006c5580000)
 Metaspace       used 5999K, capacity 7088K, committed 7296K, reserved 1056768K
  class space    used 564K, capacity 616K, committed 640K, reserved 1048576K
}
Event: 2.340 GC heap before
{Heap before GC invocations=5 (full 0):
 PSYoungGen      total 138240K, used 138216K [0x000000076ab00000, 0x0000000773700000, 0x00000007c0000000)
  eden space 133120K, 100% used [0x000000076ab00000,0x0000000772d00000,0x0000000772d00000)
  from space 5120K, 99% used [0x0000000773200000,0x00000007736fa090,0x0000000773700000)
  to   space 5120K, 0% used [0x0000000772d00000,0x0000000772d00000,0x0000000773200000)
 ParOldGen       total 87552K, used 6592K [0x00000006c0000000, 0x00000006c5580000, 0x000000076ab00000)
  object space 87552K, 7% used [0x00000006c0000000,0x00000006c0670240,0x00000006c5580000)
 Metaspace       used 6261K, capacity 7216K, committed 7296K, reserved 1056768K
  class space    used 584K, capacity 616K, committed 640K, reserved 1048576K
Event: 2.385 GC heap after
Heap after GC invocations=5 (full 0):
 PSYoungGen      total 138240K, used 5100K [0x000000076ab00000, 0x000000077dc00000, 0x00000007c0000000)
  eden space 133120K, 0% used [0x000000076ab00000,0x000000076ab00000,0x0000000772d00000)
  from space 5120K, 99% used [0x0000000772d00000,0x00000007731fb3c8,0x0000000773200000)
  to   space 23040K, 0% used [0x000000077c580000,0x000000077c580000,0x000000077dc00000)
 ParOldGen       total 87552K, used 26402K [0x00000006c0000000, 0x00000006c5580000, 0x000000076ab00000)
  object space 87552K, 30% used [0x00000006c0000000,0x00000006c19c8a48,0x00000006c5580000)
 Metaspace       used 6261K, capacity 7216K, committed 7296K, reserved 1056768K
  class space    used 584K, capacity 616K, committed 640K, reserved 1048576K
}
Event: 3.099 GC heap before
{Heap before GC invocations=6 (full 0):
 PSYoungGen      total 138240K, used 138220K [0x000000076ab00000, 0x000000077dc00000, 0x00000007c0000000)
  eden space 133120K, 100% used [0x000000076ab00000,0x0000000772d00000,0x0000000772d00000)
  from space 5120K, 99% used [0x0000000772d00000,0x00000007731fb3c8,0x0000000773200000)
  to   space 23040K, 0% used [0x000000077c580000,0x000000077c580000,0x000000077dc00000)
 ParOldGen       total 87552K, used 26402K [0x00000006c0000000, 0x00000006c5580000, 0x000000076ab00000)
  object space 87552K, 30% used [0x00000006c0000000,0x00000006c19c8a48,0x00000006c5580000)
 Metaspace       used 6300K, capacity 7216K, committed 7296K, reserved 1056768K
  class space    used 584K, capacity 616K, committed 640K, reserved 1048576K
Event: 3.187 GC heap after
Heap after GC invocations=6 (full 0):
 PSYoungGen      total 284160K, used 22237K [0x000000076ab00000, 0x000000077e600000, 0x00000007c0000000)
  eden space 261120K, 0% used [0x000000076ab00000,0x000000076ab00000,0x000000077aa00000)
  from space 23040K, 96% used [0x000000077c580000,0x000000077db37740,0x000000077dc00000)
  to   space 28160K, 0% used [0x000000077aa00000,0x000000077aa00000,0x000000077c580000)
 ParOldGen       total 87552K, used 26402K [0x00000006c0000000, 0x00000006c5580000, 0x000000076ab00000)
  object space 87552K, 30% used [0x00000006c0000000,0x00000006c19c8a48,0x00000006c5580000)
 Metaspace       used 6300K, capacity 7216K, committed 7296K, reserved 1056768K
  class space    used 584K, capacity 616K, committed 640K, reserved 1048576K
}
Event: 4.546 GC heap before
{Heap before GC invocations=7 (full 0):
 PSYoungGen      total 284160K, used 283357K [0x000000076ab00000, 0x000000077e600000, 0x00000007c0000000)
  eden space 261120K, 100% used [0x000000076ab00000,0x000000077aa00000,0x000000077aa00000)
  from space 23040K, 96% used [0x000000077c580000,0x000000077db37740,0x000000077dc00000)
  to   space 28160K, 0% used [0x000000077aa00000,0x000000077aa00000,0x000000077c580000)
 ParOldGen       total 87552K, used 26402K [0x00000006c0000000, 0x00000006c5580000, 0x000000076ab00000)
  object space 87552K, 30% used [0x00000006c0000000,0x00000006c19c8a48,0x00000006c5580000)
 Metaspace       used 6365K, capacity 7280K, committed 7552K, reserved 1056768K
  class space    used 584K, capacity 616K, committed 640K, reserved 1048576K
Event: 4.649 GC heap after
Heap after GC invocations=7 (full 0):
 PSYoungGen      total 289280K, used 28157K [0x000000076ab00000, 0x0000000790c00000, 0x00000007c0000000)
  eden space 261120K, 0% used [0x000000076ab00000,0x000000076ab00000,0x000000077aa00000)
  from space 28160K, 99% used [0x000000077aa00000,0x000000077c57f5a0,0x000000077c580000)
  to   space 50688K, 0% used [0x000000078da80000,0x000000078da80000,0x0000000790c00000)
 ParOldGen       total 87552K, used 59725K [0x00000006c0000000, 0x00000006c5580000, 0x000000076ab00000)
  object space 87552K, 68% used [0x00000006c0000000,0x00000006c3a53720,0x00000006c5580000)
 Metaspace       used 6365K, capacity 7280K, committed 7552K, reserved 1056768K
  class space    used 584K, capacity 616K, committed 640K, reserved 1048576K
}
Event: 4.649 GC heap before
{Heap before GC invocations=8 (full 1):
 PSYoungGen      total 289280K, used 28157K [0x000000076ab00000, 0x0000000790c00000, 0x00000007c0000000)
  eden space 261120K, 0% used [0x000000076ab00000,0x000000076ab00000,0x000000077aa00000)
  from space 28160K, 99% used [0x000000077aa00000,0x000000077c57f5a0,0x000000077c580000)
  to   space 50688K, 0% used [0x000000078da80000,0x000000078da80000,0x0000000790c00000)
 ParOldGen       total 87552K, used 59725K [0x00000006c0000000, 0x00000006c5580000, 0x000000076ab00000)
  object space 87552K, 68% used [0x00000006c0000000,0x00000006c3a53720,0x00000006c5580000)
 Metaspace       used 6365K, capacity 7280K, committed 7552K, reserved 1056768K
  class space    used 584K, capacity 616K, committed 640K, reserved 1048576K
Event: 5.358 GC heap after
Heap after GC invocations=8 (full 1):
 PSYoungGen      total 289280K, used 0K [0x000000076ab00000, 0x0000000790c00000, 0x00000007c0000000)
  eden space 261120K, 0% used [0x000000076ab00000,0x000000076ab00000,0x000000077aa00000)
  from space 28160K, 0% used [0x000000077aa00000,0x000000077aa00000,0x000000077c580000)
  to   space 50688K, 0% used [0x000000078da80000,0x000000078da80000,0x0000000790c00000)
 ParOldGen       total 169984K, used 84442K [0x00000006c0000000, 0x00000006ca600000, 0x000000076ab00000)
  object space 169984K, 49% used [0x00000006c0000000,0x00000006c52768e0,0x00000006ca600000)
 Metaspace       used 6365K, capacity 7280K, committed 7552K, reserved 1056768K
  class space    used 584K, capacity 616K, committed 640K, reserved 1048576K
}
Event: 6.596 GC heap before
{Heap before GC invocations=9 (full 1):
 PSYoungGen      total 289280K, used 261120K [0x000000076ab00000, 0x0000000790c00000, 0x00000007c0000000)
  eden space 261120K, 100% used [0x000000076ab00000,0x000000077aa00000,0x000000077aa00000)
  from space 28160K, 0% used [0x000000077aa00000,0x000000077aa00000,0x000000077c580000)
  to   space 50688K, 0% used [0x000000078da80000,0x000000078da80000,0x0000000790c00000)
 ParOldGen       total 169984K, used 84442K [0x00000006c0000000, 0x00000006ca600000, 0x000000076ab00000)
  object space 169984K, 49% used [0x00000006c0000000,0x00000006c52768e0,0x00000006ca600000)
 Metaspace       used 6378K, capacity 7280K, committed 7552K, reserved 1056768K
  class space    used 585K, capacity 616K, committed 640K, reserved 1048576K

Deoptimization events (10 events):
Event: 3.480 Thread 0x000000001e674000 Uncommon trap: reason=unstable_if action=reinterpret pc=0x0000000002e506b8 method=com.android.dx.dex.code.OutputFinisher.hasLocalInfo(Lcom/android/dx/dex/code/DalvInsn;)Z @ 24
Event: 3.499 Thread 0x000000001e55c800 Uncommon trap: reason=unstable_if action=reinterpret pc=0x0000000002dc5a64 method=com.android.dx.rop.code.RegisterSpecSet.<init>(I)V @ 2
Event: 5.554 Thread 0x0000000002850800 Uncommon trap: reason=unstable_if action=reinterpret pc=0x0000000003236f58 method=com.android.dx.ssa.SCCP.simulateBranch(Lcom/android/dx/ssa/SsaInsn;)V @ 548
Event: 5.574 Thread 0x000000001e675000 Uncommon trap: reason=bimorphic action=maybe_recompile pc=0x0000000003163488 method=com.android.dx.cf.code.BytecodeArray.parseInstruction(ILcom/android/dx/cf/code/BytecodeArray$Visitor;)I @ 1597
Event: 5.574 Thread 0x000000001e675000 Uncommon trap: reason=bimorphic action=maybe_recompile pc=0x0000000003164274 method=com.android.dx.cf.code.BytecodeArray.parseInstruction(ILcom/android/dx/cf/code/BytecodeArray$Visitor;)I @ 1357
Event: 5.574 Thread 0x000000001e675000 Uncommon trap: reason=bimorphic action=maybe_recompile pc=0x0000000003163488 method=com.android.dx.cf.code.BytecodeArray.parseInstruction(ILcom/android/dx/cf/code/BytecodeArray$Visitor;)I @ 1597
Event: 6.197 Thread 0x000000001e673800 Uncommon trap: reason=unstable_if action=reinterpret pc=0x000000000321db38 method=java.util.HashMap.putVal(ILjava/lang/Object;Ljava/lang/Object;ZZ)Ljava/lang/Object; @ 109
Event: 6.411 Thread 0x000000001e674000 Uncommon trap: reason=null_check action=make_not_entrant pc=0x00000000032bb5fc method=com.android.dx.cf.code.Ropper$CatchInfo.getSetup(Lcom/android/dx/rop/type/Type;)Lcom/android/dx/cf/code/Ropper$ExceptionHandlerSetup; @ 10
Event: 6.560 Thread 0x0000000002850800 Uncommon trap: reason=unstable_if action=reinterpret pc=0x0000000002acda9c method=java.util.zip.ZipCoder.decoder()Ljava/nio/charset/CharsetDecoder; @ 4
Event: 6.582 Thread 0x0000000002850800 Uncommon trap: reason=unstable_if action=reinterpret pc=0x0000000002aaff9c method=java.util.zip.ZipFile$ZipEntryIterator.hasNext()Z @ 25

Internal exceptions (10 events):
Event: 0.039 Thread 0x0000000002850800 Exception <a 'java/lang/NoSuchMethodError': Method sun.misc.Unsafe.defineClass(Ljava/lang/String;[BII)Ljava/lang/Class; name or signature does not match> (0x000000076ab07c78) thrown at [C:\src\android\AOSP-openjdk\external\jetbrains\jdk\hotspot\src\share\v®*Ep
¤?
Event: 0.039 Thread 0x0000000002850800 Exception <a 'java/lang/NoSuchMethodError': Method sun.misc.Unsafe.prefetchRead(Ljava/lang/Object;J)V name or signature does not match> (0x000000076ab07f60) thrown at [C:\src\android\AOSP-openjdk\external\jetbrains\jdk\hotspot\src\share\vm\prims\jni.cpp, l0%š[~Ø?
Event: 0.383 Thread 0x0000000002850800 Implicit null exception at 0x0000000002abd3f8 to 0x0000000002abda11
Event: 1.121 Thread 0x000000001e674000 Implicit null exception at 0x0000000002d2ad78 to 0x0000000002d2d9d1
Event: 1.451 Thread 0x000000001e673800 Implicit null exception at 0x0000000002d400f8 to 0x0000000002d429bd
Event: 1.703 Thread 0x000000001e675000 Exception <a 'java/lang/ArrayIndexOutOfBoundsException': 18> (0x000000076cde8e48) thrown at [C:\src\android\AOSP-openjdk\external\jetbrains\jdk\hotspot\src\share\vm\interpreter\interpreterRuntime.cpp, line 366]
Event: 1.704 Thread 0x000000001e675000 Exception <a 'java/lang/ArrayIndexOutOfBoundsException': 145> (0x000000076cdea9c8) thrown at [C:\src\android\AOSP-openjdk\external\jetbrains\jdk\hotspot\src\share\vm\interpreter\interpreterRuntime.cpp, line 366]
Event: 1.704 Thread 0x000000001e675000 Exception <a 'java/lang/ArrayIndexOutOfBoundsException'> (0x000000076cdebcb0) thrown at [C:\src\android\AOSP-openjdk\external\jetbrains\jdk\hotspot\src\share\vm\runtime\sharedRuntime.cpp, line 605]
Event: 6.411 Thread 0x000000001e674000 Implicit null exception at 0x00000000032b12d0 to 0x00000000032bb5b5
Event: 6.556 Thread 0x0000000002850800 Implicit null exception at 0x0000000002acd0d0 to 0x0000000002acda5d

Events (10 events):
Event: 6.553 loading class com/android/dx/command/dexer/Main$NotFilter done
Event: 6.556 Thread 0x0000000002850800 Uncommon trap: trap_request=0xffffff65 fr.pc=0x0000000002acda9c
Event: 6.557 Executing VM operation: RevokeBias
Event: 6.557 Executing VM operation: RevokeBias done
Event: 6.560 Thread 0x0000000002850800 DEOPT PACKING pc=0x0000000002acda9c sp=0x000000000277f180
Event: 6.560 Thread 0x0000000002850800 DEOPT UNPACKING pc=0x000000000299556a sp=0x000000000277eee8 mode 2
Event: 6.582 Thread 0x0000000002850800 Uncommon trap: trap_request=0xffffff65 fr.pc=0x0000000002aaff9c
Event: 6.582 Thread 0x0000000002850800 DEOPT PACKING pc=0x0000000002aaff9c sp=0x000000000277f1e0
Event: 6.582 Thread 0x0000000002850800 DEOPT UNPACKING pc=0x000000000299556a sp=0x000000000277f148 mode 2
Event: 6.596 Executing VM operation: ParallelGCFailedAllocation


Dynamic libraries:
0x00007ff7655a0000 - 0x00007ff7655d1000 	C:\Program Files\Android\Android Studio\jre\bin\java.exe
0x00007ffdea240000 - 0x00007ffdea41b000 	C:\WINDOWS\SYSTEM32\ntdll.dll
0x00007ffde7d40000 - 0x00007ffde7dee000 	C:\WINDOWS\System32\KERNEL32.DLL
0x00007ffde6fb0000 - 0x00007ffde71f9000 	C:\WINDOWS\System32\KERNELBASE.dll
0x00007ffde77a0000 - 0x00007ffde7841000 	C:\WINDOWS\System32\ADVAPI32.dll
0x00007ffde9520000 - 0x00007ffde95bd000 	C:\WINDOWS\System32\msvcrt.dll
0x00007ffdea090000 - 0x00007ffdea0e9000 	C:\WINDOWS\System32\sechost.dll
0x00007ffde9cb0000 - 0x00007ffde9dd5000 	C:\WINDOWS\System32\RPCRT4.dll
0x00007ffde9de0000 - 0x00007ffde9f2a000 	C:\WINDOWS\System32\USER32.dll
0x00007ffde75f0000 - 0x00007ffde760e000 	C:\WINDOWS\System32\win32u.dll
0x00007ffde95c0000 - 0x00007ffde95e7000 	C:\WINDOWS\System32\GDI32.dll
0x00007ffde7610000 - 0x00007ffde7797000 	C:\WINDOWS\System32\gdi32full.dll
0x00007ffde6760000 - 0x00007ffde67fa000 	C:\WINDOWS\System32\msvcp_win.dll
0x00007ffde7320000 - 0x00007ffde7416000 	C:\WINDOWS\System32\ucrtbase.dll
0x00007ffddb280000 - 0x00007ffddb4e7000 	C:\WINDOWS\WinSxS\amd64_microsoft.windows.common-controls_6595b64144ccf1df_6.0.15063.483_none_26002d27e7c744a2\COMCTL32.dll
0x00007ffde79c0000 - 0x00007ffde7cb9000 	C:\WINDOWS\System32\combase.dll
0x00007ffde72b0000 - 0x00007ffde731a000 	C:\WINDOWS\System32\bcryptPrimitives.dll
0x00007ffdea210000 - 0x00007ffdea23d000 	C:\WINDOWS\System32\IMM32.DLL
0x0000000067920000 - 0x00000000679f2000 	C:\Program Files\Android\Android Studio\jre\jre\bin\msvcr100.dll
0x0000000065b30000 - 0x000000006636c000 	C:\Program Files\Android\Android Studio\jre\jre\bin\server\jvm.dll
0x00007ffdea200000 - 0x00007ffdea208000 	C:\WINDOWS\System32\PSAPI.DLL
0x00007ffde4b90000 - 0x00007ffde4b9a000 	C:\WINDOWS\SYSTEM32\VERSION.dll
0x00007ffde4260000 - 0x00007ffde4283000 	C:\WINDOWS\SYSTEM32\WINMM.dll
0x00007ffdd72e0000 - 0x00007ffdd72e9000 	C:\WINDOWS\SYSTEM32\WSOCK32.dll
0x00007ffde9750000 - 0x00007ffde97bc000 	C:\WINDOWS\System32\WS2_32.dll
0x00007ffde4200000 - 0x00007ffde422b000 	C:\WINDOWS\SYSTEM32\WINMMBASE.dll
0x00007ffde7200000 - 0x00007ffde7249000 	C:\WINDOWS\System32\cfgmgr32.dll
0x00007ffde6210000 - 0x00007ffde621f000 	C:\Program Files\Android\Android Studio\jre\jre\bin\verify.dll
0x00007ffde4ce0000 - 0x00007ffde4d09000 	C:\Program Files\Android\Android Studio\jre\jre\bin\java.dll
0x00007ffde4d50000 - 0x00007ffde4d66000 	C:\Program Files\Android\Android Studio\jre\jre\bin\zip.dll
0x00007ffde80e0000 - 0x00007ffde9516000 	C:\WINDOWS\System32\SHELL32.dll
0x00007ffde9c00000 - 0x00007ffde9caa000 	C:\WINDOWS\System32\shcore.dll
0x00007ffde6800000 - 0x00007ffde6ef1000 	C:\WINDOWS\System32\windows.storage.dll
0x00007ffdea030000 - 0x00007ffdea081000 	C:\WINDOWS\System32\shlwapi.dll
0x00007ffde6740000 - 0x00007ffde6751000 	C:\WINDOWS\System32\kernel.appcore.dll
0x00007ffde66b0000 - 0x00007ffde66fc000 	C:\WINDOWS\System32\powrprof.dll
0x00007ffde6700000 - 0x00007ffde6715000 	C:\WINDOWS\System32\profapi.dll
0x00007ffde6280000 - 0x00007ffde6429000 	C:\WINDOWS\SYSTEM32\dbghelp.dll

VM Arguments:
jvm_args: -Djava.awt.headless=true -Xmx4g -Dfile.encoding=windows-1252 -Duser.country=IN -Duser.language=en -Duser.variant 
java_command: com.android.dx.command.Main --dex --num-threads=4 --multi-dex --main-dex-list C:\Users\user\AndroidStudioProjects\OpenHome-Akshay\app\build\intermediates\multi-dex\debug\maindexlist.txt --output C:\Users\user\AndroidStudioProjects\OpenHome-Akshay\app\build\intermediates\transforms\dex\debug\folders\1000\1f\main C:\Users\user\AndroidStudioProjects\OpenHome-Akshay\app\build\intermediates\transforms\jarMerging\debug\jars\1\1f\combined.jar
java_class_path (initial): C:\Users\user\AppData\Local\Android\sdk\build-tools\25.0.0\lib\dx.jar
Launcher Type: SUN_STANDARD

Environment Variables:
JAVA_HOME=C:\Program Files\Java\jdk1.8.0_151
PATH=C:\ProgramData\Oracle\Java\javapath;C:\Program Files (x86)\Lenovo\FusionEngine;C:\WINDOWS\system32;C:\WINDOWS;C:\WINDOWS\System32\Wbem;C:\WINDOWS\System32\WindowsPowerShell\v1.0\;C:\Program Files (x86)\ATI Technologies\ATI.ACE\Core-Static;C:\Program Files (x86)\GtkSharp\2.12\bin;C:\Program Files\Intel\WiFi\bin\;C:\Program Files\Common Files\Intel\WirelessCommon\;C:\Program Files\Git\cmd;C:\gradle-4.2.1\bin\;C:\Program Files\Java\jdk1.8.0_151\bin;C:\Users\user\AppData\Local\Microsoft\WindowsApps;C:\gradle-4.2.1\bin\;
USERNAME=user
OS=Windows_NT
PROCESSOR_IDENTIFIER=Intel64 Family 6 Model 61 Stepping 4, GenuineIntel



---------------  S Y S T E M  ---------------

OS: Windows 10.0 , 64 bit Build 15063 (10.0.15063.296)

CPU:total 4 (2 cores per cpu, 2 threads per core) family 6 model 61 stepping 4, cmov, cx8, fxsr, mmx, sse, sse2, sse3, ssse3, sse4.1, sse4.2, popcnt, avx, avx2, aes, clmul, erms, 3dnowpref, lzcnt, ht, tsc, tscinvbit, bmi1, bmi2, adx

Memory: 4k page, physical 8301008k(4264956k free), swap 9611728k(4835496k free)

vm_info: OpenJDK 64-Bit Server VM (25.112-b06) for windows-amd64 JRE (1.8.0_112-release-b06), built on Dec  8 2016 00:54:26 by "builder" with MS VC++ 10.0 (VS2010)

time: Tue Nov 07 11:36:24 2017
elapsed time: 6 seconds (0d 0h 0m 6s)

